<?xml version="1.0" encoding="UTF-8"?>
<!-- Generated by org.testng.reporters.JUnitReportReporter -->
<testsuite hostname="DESKTOP-V7BHOJO" failures="0" tests="3" name="com.test.functionalities.ValidateCustomerKey" time="11.627" errors="0" timestamp="2021-07-29T19:42:26 IST" skipped="0">
  <testcase classname="com.test.functionalities.ValidateCustomerKey" name="validateValidResponseWithInValidURL" time="0.942"/>
  <system-out/>
  <testcase classname="com.test.functionalities.ValidateCustomerKey" name="validateTheInfformationsGet" time="9.689"/>
  <system-out/>
  <testcase classname="com.test.functionalities.ValidateCustomerKey" name="validateValidResponseWithValidURL" time="0.996"/>
  <system-out/>
</testsuite> <!-- com.test.functionalities.ValidateCustomerKey -->
