<?xml version="1.0" encoding="UTF-8"?>
<!-- Generated by org.testng.reporters.JUnitReportReporter -->
<testsuite hostname="DESKTOP-V7BHOJO" failures="0" tests="3" name="com.test.functionalities.ValidateTestGETAPITest" time="13.967" errors="0" timestamp="2021-07-29T19:56:51 IST" skipped="0">
  <testcase classname="com.test.functionalities.ValidateTestGETAPITest" name="validateValidResponseWithValidURL" time="2.407"/>
  <system-out/>
  <testcase classname="com.test.functionalities.ValidateTestGETAPITest" name="validateValidResponseWithInValidURL" time="2.434"/>
  <system-out/>
  <testcase classname="com.test.functionalities.ValidateTestGETAPITest" name="validateTheInfformationsGet" time="9.126"/>
  <system-out/>
</testsuite> <!-- com.test.functionalities.ValidateTestGETAPITest -->
